<?xml version="1.0" encoding="UTF-8"?>
<!-- Generated by org.testng.reporters.JUnitReportReporter -->
<testsuite hostname="PC-PC" failures="0" tests="1" name="com.jbk.test.MemberPageTest" time="5.223" errors="0" timestamp="2021-06-23T23:31:28 IST" skipped="0">
  <testcase classname="com.jbk.test.MemberPageTest" name="verifyMemberTitle" time="5.223"/>
  <system-out/>
</testsuite> <!-- com.jbk.test.MemberPageTest -->
