<?xml version="1.0" encoding="UTF-8"?>
<!-- Generated by org.testng.reporters.JUnitReportReporter -->
<testsuite hostname="PC-PC" failures="0" tests="1" name="com.jbk.test.LoginPageTest" time="3.817" errors="0" timestamp="2021-06-26T10:19:47 IST" skipped="0">
  <testcase classname="com.jbk.test.LoginPageTest" name="verifyURL" time="3.817"/>
  <system-out/>
</testsuite> <!-- com.jbk.test.LoginPageTest -->
