<?xml version="1.0" encoding="UTF-8"?>
<!-- Generated by org.testng.reporters.JUnitReportReporter -->
<testsuite hostname="PC-PC" failures="0" tests="1" name="com.jbk.test.UserPageTest" time="9.330" errors="0" timestamp="2021-06-26T10:10:14 IST" skipped="0">
  <testcase classname="com.jbk.test.UserPageTest" name="printtable" time="9.330"/>
  <system-out/>
</testsuite> <!-- com.jbk.test.UserPageTest -->
