<?xml version="1.0" encoding="UTF-8"?>
<!-- Generated by org.testng.reporters.JUnitReportReporter -->
<testsuite hostname="PC-PC" failures="0" tests="1" name="com.jbk.test.LoginPageTest" time="3.338" errors="0" timestamp="2021-07-06T19:55:53 IST" skipped="0">
  <testcase classname="com.jbk.test.LoginPageTest" name="verifyBlankEmail" time="3.338"/>
  <system-out/>
</testsuite> <!-- com.jbk.test.LoginPageTest -->
