<?xml version="1.0" encoding="UTF-8"?>
<!-- Generated by org.testng.reporters.JUnitReportReporter -->
<testsuite hostname="PC-PC" failures="0" tests="1" name="com.jbk.test.DashboardTest" time="5.083" errors="0" timestamp="2021-06-24T20:26:00 IST" skipped="0">
  <testcase classname="com.jbk.test.DashboardTest" name="verifyTitle" time="5.083"/>
  <system-out/>
</testsuite> <!-- com.jbk.test.DashboardTest -->
