<?xml version="1.0" encoding="UTF-8"?>
<!-- Generated by org.testng.reporters.JUnitReportReporter -->
<testsuite hostname="PC-PC" failures="0" tests="1" name="com.jbk.test.OperatorPageTest" time="4.886" errors="0" timestamp="2021-07-02T15:34:51 IST" skipped="0">
  <testcase classname="com.jbk.test.OperatorPageTest" name="verifyMaximumTiming" time="4.886"/>
  <system-out/>
</testsuite> <!-- com.jbk.test.OperatorPageTest -->
